rodion@rodion-Vivobook:~/СRYPT-GIT/lab4-files$ python3 Crypto-lab4.1.py -k

╔════════════════════════════════════════════════════════════════╗
║ Custom RSA encryption-decryption & digital certificate program ║
╚════════════════════════════════════════════════════════════════╝

 A:
	Public Key  (e) = 65537
	Private key (d) = 1745085703917763408207512435463708681772833057465429089992036546410485794874801640587316795266855940715443708642233971933303871065858987426611696753825906900900194771878936165810229467021965270793469858139988552433899797286457570650046545423904459304225546267664421066848732104825058932313466015016827691841
	Modulus     (n) = 95625151988008746223825871641291869462664013450762396547498410653933116671162102942450652852344429587515078873985023259693090132143144196469774891434354922218348322215801274951762136460553817500112088272607236353279610117664461289036624521152469244914132044577086819392917353136269631307278380051516140867747

 B:
	Public Key  (e) = 65537
	Private key (d) = 38635491911764521412944436197109138657542785838425940393943901353281138577689920496539365343765365432750674051723475700600516415393071043836725573106425927585260612691131702729275543305422097918563379679710255139984496089076038010290971807261449411965621680837695964601368415453616419167176723865064364269549
	Modulus     (n) = 148830555070905274780470200144004092176534506288892074037377385704460470167875408192658577942417607380601947059766145123743963105602521424788543107310635186707778559790101956132473362935470181150923246421684906668387259216758787666993488730878120582040206564204821948492909345042082786510057886191431493657261
rodion@rodion-Vivobook:~/СRYPT-GIT/lab4-files$
rodion@rodion-Vivobook:~/СRYPT-GIT/lab4-files$ python3 Crypto-lab4.1.py -h

╔════════════════════════════════════════════════════════════════╗
║ Custom RSA encryption-decryption & digital certificate program ║
╚════════════════════════════════════════════════════════════════╝

USAGE:
    -k --key         - Generate new set of two RSA keysets.
    -e --encrypt     - <text> <e> <n> - RSA encrypt.
    -d --decrypt     - <enc> <d> <n> - RSA decrypt.
    -s --sign        - <text> <d> <n> - Sign with RSA digital signature.
    -v --verify      - <text> <signed> <e> <n> - Verify RSA digital signature.
    -sk --sendkey    - <eB> <nB> <dA> <nA> - Send signed message for RSA key exchange.
    -rk --recievekey - <K1> <S1> <dB> <nB> <eA> <nA> - Recieve and process a
                        signed message for RSA key exchange.
    -h --help        - help.

rodion@rodion-Vivobook:~/СRYPT-GIT/lab4-files$ python3 Crypto-lab4.1.py -e hello 65537 84997674167715193393463210718649314768822069971318543708344448234114989397009

╔════════════════════════════════════════════════════════════════╗
║ Custom RSA encryption-decryption & digital certificate program ║
╚════════════════════════════════════════════════════════════════╝

  RSA Encryption:
  Encrypted data bytes = 68656c6c6f

  Cyphertext     (C) = 67430055041265961909882193008031676139598955610073385059240939443059732206550
  Cyphertext Hex (C) = 95140f0500a729e8ddd87b75f05296abdcb3272be98a7628c93f279b4bab53d6

rodion@rodion-Vivobook:~/СRYPT-GIT/lab4-files$ ^C
rodion@rodion-Vivobook:~/СRYPT-GIT/lab4-files$ python3 Crypto-lab4.1.py -d 86675950035152318134770189899451070598855471322484844687296527683713005497617144719082837675509691784046707271727502947640294569864408590292374592422736730246439817104315475805947441155012997296924242869418713884735124676296373174787690272971005343348388038773886271743143706851431286853816878346135267325913 1745085703917763408207512435463708681772833057465429089992036546410485794874801640587316795266855940715443708642233971933303871065858987426611696753825906900900194771878936165810229467021965270793469858139988552433899797286457570650046545423904459304225546267664421066848732104825058932313466015016827691841 95625151988008746223825871641291869462664013450762396547498410653933116671162102942450652852344429587515078873985023259693090132143144196469774891434354922218348322215801274951762136460553817500112088272607236353279610117664461289036624521152469244914132044577086819392917353136269631307278380051516140867747

╔════════════════════════════════════════════════════════════════╗
║ Custom RSA encryption-decryption & digital certificate program ║
╚════════════════════════════════════════════════════════════════╝

  RSA Decryption:
  Decrypted data bytes = 776f726c64

  Cleantext (M) = world

rodion@rodion-Vivobook:~/СRYPT-GIT/lab4-files$
rodion@rodion-Vivobook:~/СRYPT-GIT/lab4-files$ python3 Crypto-lab4.1.py -v hello\ world! 22047365596332604770284776772774215095067295813308789745604334773024116398434 65537 84997674167715193393463210718649314768822069971318543708344448234114989397009

╔════════════════════════════════════════════════════════════════╗
║ Custom RSA encryption-decryption & digital certificate program ║
╚════════════════════════════════════════════════════════════════╝

  RSA Digital signature verification:
  Encrypted data bytes = 68656c6c6f20776f726c6421

  Verification == TRUE

rodion@rodion-Vivobook:~/СRYPT-GIT/lab4-files$ python3 Crypto-lab4.1.py -v hello\ world! 22047365596332604770284776772774215095067295813308789745604334773024116398434 65537 95625151988008746223825871641291869462664013450762396547498410653933116671162102942450652852344429587515078873985023259693090132143144196469774891434354922218348322215801274951762136460553817500112088272607236353279610117664461289036624521152469244914132044577086819392917353136269631307278380051516140867747

╔════════════════════════════════════════════════════════════════╗
║ Custom RSA encryption-decryption & digital certificate program ║
╚════════════════════════════════════════════════════════════════╝

  RSA Digital signature verification:
  Encrypted data bytes = 68656c6c6f20776f726c6421

  Verification == FALSE

rodion@rodion-Vivobook:~/СRYPT-GIT/lab4-files$
rodion@rodion-Vivobook:~/СRYPT-GIT/lab4-files$ python3 Crypto-lab4.1.py -h

╔════════════════════════════════════════════════════════════════╗
║ Custom RSA encryption-decryption & digital certificate program ║
╚════════════════════════════════════════════════════════════════╝

USAGE:
    -k --key         - Generate new set of two RSA keysets.
    -e --encrypt     - <text> <e> <n> - RSA encrypt.
    -d --decrypt     - <enc> <d> <n> - RSA decrypt.
    -s --sign        - <text> <d> <n> - Sign with RSA digital signature.
    -v --verify      - <text> <signed> <e> <n> - Verify RSA digital signature.
    -sk --sendkey    - <eB> <nB> <dA> <nA> - Send signed message for RSA key exchange.
    -rk --recievekey - <K1> <S1> <dB> <nB> <eA> <nA> - Recieve and process a
                        signed message for RSA key exchange.
    -h --help        - help.

rodion@rodion-Vivobook:~/СRYPT-GIT/lab4-files$
rodion@rodion-Vivobook:~/СRYPT-GIT/lab4-files$
rodion@rodion-Vivobook:~/СRYPT-GIT/lab4-files$
rodion@rodion-Vivobook:~/СRYPT-GIT/lab4-files$ python3 Crypto-lab4.1.py -s crypto4 1745085703917763408207512435463708681772833057465429089992036546410485794874801640587316795266855940715443708642233971933303871065858987426611696753825906900900194771878936165810229467021965270793469858139988552433899797286457570650046545423904459304225546267664421066848732104825058932313466015016827691841 95625151988008746223825871641291869462664013450762396547498410653933116671162102942450652852344429587515078873985023259693090132143144196469774891434354922218348322215801274951762136460553817500112088272607236353279610117664461289036624521152469244914132044577086819392917353136269631307278380051516140867747

╔════════════════════════════════════════════════════════════════╗
║ Custom RSA encryption-decryption & digital certificate program ║
╚════════════════════════════════════════════════════════════════╝

  RSA Digital signature:
  Encrypted data bytes = 63727970746f34

  Message       (M) = crypto4
  Signature     (S) = 27229543969489964584252210518203480731758549674788836588940957286675650972180856164777309236450182261275089396412785933981644562447104167226676176854156928645854785707629405575162643299618693917469640172369039072344080377899148646116702297485352502896114043880357860702700939353687928723263701635712167867345
  Signature Hex (S) = 26c6b2460522d766ecc78383e71874b6f104e324cce3d5a94136816b4998e29f8f290f9ab65f017dbacf867230a31231a1c679e94520c9ff2790a9a699257ca3dac5b0079fd5406a3b4e1869498f6a19cfcb144afd7e8a3088e4dfde41c9727954902bec26d3c97530555e289d7df319c2d4298e53fdbacda6a75fa5a71a73d1

rodion@rodion-Vivobook:~/СRYPT-GIT/lab4-files$ python3 Crypto-lab4.1.py -h

╔════════════════════════════════════════════════════════════════╗
║ Custom RSA encryption-decryption & digital certificate program ║
╚════════════════════════════════════════════════════════════════╝

USAGE:
    -k --key         - Generate new set of two RSA keysets.
    -e --encrypt     - <text> <e> <n> - RSA encrypt.
    -d --decrypt     - <enc> <d> <n> - RSA decrypt.
    -s --sign        - <text> <d> <n> - Sign with RSA digital signature.
    -v --verify      - <text> <signed> <e> <n> - Verify RSA digital signature.
    -sk --sendkey    - <eB> <nB> <dA> <nA> - Send signed message for RSA key exchange.
    -rk --recievekey - <K1> <S1> <dB> <nB> <eA> <nA> - Recieve and process a
                        signed message for RSA key exchange.
    -h --help        - help.

rodion@rodion-Vivobook:~/СRYPT-GIT/lab4-files$ python3 Crypto-lab4.1.py -rk 99350981370533997983070750114289655526797199829737711087567977923994355760396458713394325459940238523269181482174587854497001563496896771664591119351693507977864609450117259601521967542248734175095905076282556958178709065214045421596999619515624170617900025145347897566981920109126357406364262880490225965913 89261655721330277979951876674044303895594469264916646592475113914937956870782674645321930982534554186784891548048744132500696626229364021976839669254509913244118603975379203044518238727430559509676133640966249022548749902038628673745188654404256561823465073446386093580360280296626757952801235838419526075143 38635491911764521412944436197109138657542785838425940393943901353281138577689920496539365343765365432750674051723475700600516415393071043836725573106425927585260612691131702729275543305422097918563379679710255139984496089076038010290971807261449411965621680837695964601368415453616419167176723865064364269549 148830555070905274780470200144004092176534506288892074037377385704460470167875408192658577942417607380601947059766145123743963105602521424788543107310635186707778559790101956132473362935470181150923246421684906668387259216758787666993488730878120582040206564204821948492909345042082786510057886191431493657261 65537 84997674167715193393463210718649314768822069971318543708344448234114989397009

╔════════════════════════════════════════════════════════════════╗
║ Custom RSA encryption-decryption & digital certificate program ║
╚════════════════════════════════════════════════════════════════╝

  RSA Key exchange recieve data:

  Key decrypted (K) = 16916474917802015318
  Verification == TRUE

rodion@rodion-Vivobook:~/СRYPT-GIT/lab4-files$
rodion@rodion-Vivobook:~/СRYPT-GIT/lab4-files$
rodion@rodion-Vivobook:~/СRYPT-GIT/lab4-files$ python3 Crypto-lab4.1.py -h

╔════════════════════════════════════════════════════════════════╗
║ Custom RSA encryption-decryption & digital certificate program ║
╚════════════════════════════════════════════════════════════════╝

USAGE:
    -k --key         - Generate new set of two RSA keysets.
    -e --encrypt     - <text> <e> <n> - RSA encrypt.
    -d --decrypt     - <enc> <d> <n> - RSA decrypt.
    -s --sign        - <text> <d> <n> - Sign with RSA digital signature.
    -v --verify      - <text> <signed> <e> <n> - Verify RSA digital signature.
    -sk --sendkey    - <eB> <nB> <dA> <nA> - Send signed message for RSA key exchange.
    -rk --recievekey - <K1> <S1> <dB> <nB> <eA> <nA> - Recieve and process a
                        signed message for RSA key exchange.
    -h --help        - help.

rodion@rodion-Vivobook:~/СRYPT-GIT/lab4-files$
rodion@rodion-Vivobook:~/СRYPT-GIT/lab4-files$ python3 Crypto-lab4.1.py -sk 65537 148830555070905274780470200144004092176534506288892074037377385704460470167875408192658577942417607380601947059766145123743963105602521424788543107310635186707778559790101956132473362935470181150923246421684906668387259216758787666993488730878120582040206564204821948492909345042082786510057886191431493657261 1745085703917763408207512435463708681772833057465429089992036546410485794874801640587316795266855940715443708642233971933303871065858987426611696753825906900900194771878936165810229467021965270793469858139988552433899797286457570650046545423904459304225546267664421066848732104825058932313466015016827691841 95625151988008746223825871641291869462664013450762396547498410653933116671162102942450652852344429587515078873985023259693090132143144196469774891434354922218348322215801274951762136460553817500112088272607236353279610117664461289036624521152469244914132044577086819392917353136269631307278380051516140867747

╔════════════════════════════════════════════════════════════════╗
║ Custom RSA encryption-decryption & digital certificate program ║
╚════════════════════════════════════════════════════════════════╝

  RSA Key exchange send data:

  Secret     (K) = 29821461502565245517
  Key       (K1) = 137694097618356758480985317537382947590042450780908991208401705931872387726798593847457771626988248468632402993264550450445111845249327279091386769055246002122014570590877745756867194900246647130370589347758922346282115915825121000126900124750026153047617713691388320152011668494142142499781848788890712456196
  Signature (S1) = 52265971127098995839344010692658209891196366441670323493585562114503585375582177795777204382577929953817859584429196251377527806386539527318848612113102007783352137128677625805984686127351842054736990836982198541133409230299257890491163885914392759096145643442395255117998022167451657153044336061364820118202

rodion@rodion-Vivobook:~/СRYPT-GIT/lab4-files$ python3 Crypto-lab4.1.py -rk 137694097618356758480985317537382947590042450780908991208401705931872387726798593847457771626988248468632402993264550450445111845249327279091386769055246002122014570590877745756867194900246647130370589347758922346282115915825121000126900124750026153047617713691388320152011668494142142499781848788890712456196 52265971127098995839344010692658209891196366441670323493585562114503585375582177795777204382577929953817859584429196251377527806386539527318848612113102007783352137128677625805984686127351842054736990836982198541133409230299257890491163885914392759096145643442395255117998022167451657153044336061364820118202 38635491911764521412944436197109138657542785838425940393943901353281138577689920496539365343765365432750674051723475700600516415393071043836725573106425927585260612691131702729275543305422097918563379679710255139984496089076038010290971807261449411965621680837695964601368415453616419167176723865064364269549 148830555070905274780470200144004092176534506288892074037377385704460470167875408192658577942417607380601947059766145123743963105602521424788543107310635186707778559790101956132473362935470181150923246421684906668387259216758787666993488730878120582040206564204821948492909345042082786510057886191431493657261

╔════════════════════════════════════════════════════════════════╗
║ Custom RSA encryption-decryption & digital certificate program ║
╚════════════════════════════════════════════════════════════════╝

USAGE:
    -k --key         - Generate new set of two RSA keysets.
    -e --encrypt     - <text> <e> <n> - RSA encrypt.
    -d --decrypt     - <enc> <d> <n> - RSA decrypt.
    -s --sign        - <text> <d> <n> - Sign with RSA digital signature.
    -v --verify      - <text> <signed> <e> <n> - Verify RSA digital signature.
    -sk --sendkey    - <eB> <nB> <dA> <nA> - Send signed message for RSA key exchange.
    -rk --recievekey - <K1> <S1> <dB> <nB> <eA> <nA> - Recieve and process a
                        signed message for RSA key exchange.
    -h --help        - help.

rodion@rodion-Vivobook:~/СRYPT-GIT/lab4-files$ python3 Crypto-lab4.1.py -rk 137694097618356758480985317537382947590042450780908991208401705931872387726798593847457771626988248468632402993264550450445111845249327279091386769055246002122014570590877745756867194900246647130370589347758922346282115915825121000126900124750026153047617713691388320152011668494142142499781848788890712456196 52265971127098995839344010692658209891196366441670323493585562114503585375582177795777204382577929953817859584429196251377527806386539527318848612113102007783352137128677625805984686127351842054736990836982198541133409230299257890491163885914392759096145643442395255117998022167451657153044336061364820118202 38635491911764521412944436197109138657542785838425940393943901353281138577689920496539365343765365432750674051723475700600516415393071043836725573106425927585260612691131702729275543305422097918563379679710255139984496089076038010290971807261449411965621680837695964601368415453616419167176723865064364269549 148830555070905274780470200144004092176534506288892074037377385704460470167875408192658577942417607380601947059766145123743963105602521424788543107310635186707778559790101956132473362935470181150923246421684906668387259216758787666993488730878120582040206564204821948492909345042082786510057886191431493657261 65537 95625151988008746223825871641291869462664013450762396547498410653933116671162102942450652852344429587515078873985023259693090132143144196469774891434354922218348322215801274951762136460553817500112088272607236353279610117664461289036624521152469244914132044577086819392917353136269631307278380051516140867747

╔════════════════════════════════════════════════════════════════╗
║ Custom RSA encryption-decryption & digital certificate program ║
╚════════════════════════════════════════════════════════════════╝

  RSA Key exchange recieve data:

  Key decrypted (K) = 29821461502565245517
  Verification == TRUE

rodion@rodion-Vivobook:~/СRYPT-GIT/lab4-files$ python3 Crypto-lab4.1.py -rk 137694097618356758480985317537382947590042450780908991208401705931872387726798593847457771626988248468632402993264550450445111845249327279091386769055246002122014570590877745756867194900246647130370589347758922346282115915825121000126900124750026153047617713691388320152011668494142142499781848788890712456196 52265971127098995839344010692658209891196366441670323493585562114503585375582177795777204382577929953817859584429196251377527806386539527318848612113102007783352137128677625805984686127351842054736990836982198541133409230299257890491163885914392759096145643442395255117998022167451657153044336061364820118202 38635491911764521412944436197109138657542785838425940393943901353281138577689920496539365343765365432750674051723475700600516415393071043836725573106425927585260612691131702729275543305422097918563379679710255139984496089076038010290971807261449411965621680837695964601368415453616419167176723865064364269549 148830555070905274780470200144004092176534506288892074037377385704460470167875408192658577942417607380601947059766145123743963105602521424788543107310635186707778559790101956132473362935470181150923246421684906668387259216758787666993488730878120582040206564204821948492909345042082786510057886191431493657261 65537 95625151988008746223825871641291869462664013450762396547498410653933116671162102942450652852344429587515078873985023259693090132143144196469774891434354922218348322215801274951762136460553817500112088272607236353279610117664461289036624521152469244914132044577086819392917353136269631307278380051516140867748

╔════════════════════════════════════════════════════════════════╗
║ Custom RSA encryption-decryption & digital certificate program ║
╚════════════════════════════════════════════════════════════════╝

  RSA Key exchange recieve data:

  Key decrypted (K) = 29821461502565245517
  Verification == FALSE







